{"contracts/FundMe.sol":{"l":{"24":3,"25":1,"27":2,"33":3,"34":3,"42":12,"45":12,"49":11,"50":11,"73":2,"74":8,"76":2,"90":2,"93":2},"path":"/home/wajahat/Hardhat-FCC/hardhat-fundMe-FCC/contracts/FundMe.sol","s":{"1":3,"2":3,"3":3,"4":12,"5":12,"6":11,"7":11,"8":2,"9":8,"10":2,"11":2,"12":2},"b":{"1":[1,2],"2":[11,1],"3":[2,0]},"f":{"1":3,"2":3,"3":12,"4":2},"fnMap":{"1":{"name":"onlyOwner","line":23,"loc":{"start":{"line":23,"column":4},"end":{"line":28,"column":4}}},"2":{"name":"constructor","line":30,"loc":{"start":{"line":30,"column":4},"end":{"line":35,"column":4}}},"3":{"name":"fund","line":41,"loc":{"start":{"line":41,"column":4},"end":{"line":54,"column":4}}},"4":{"name":"withDraw","line":70,"loc":{"start":{"line":70,"column":4},"end":{"line":94,"column":4}}}},"statementMap":{"1":{"start":{"line":24,"column":8},"end":{"line":24,"column":844}},"2":{"start":{"line":33,"column":8},"end":{"line":33,"column":25}},"3":{"start":{"line":34,"column":8},"end":{"line":34,"column":58}},"4":{"start":{"line":42,"column":8},"end":{"line":42,"column":43}},"5":{"start":{"line":45,"column":8},"end":{"line":45,"column":1522}},"6":{"start":{"line":49,"column":8},"end":{"line":49,"column":36}},"7":{"start":{"line":50,"column":8},"end":{"line":50,"column":47}},"8":{"start":{"line":73,"column":8},"end":{"line":73,"column":2745}},"9":{"start":{"line":74,"column":12},"end":{"line":74,"column":48}},"10":{"start":{"line":76,"column":8},"end":{"line":76,"column":38}},"11":{"start":{"line":90,"column":8},"end":{"line":90,"column":3316}},"12":{"start":{"line":93,"column":8},"end":{"line":93,"column":37}}},"branchMap":{"1":{"line":24,"type":"if","locations":[{"start":{"line":24,"column":8},"end":{"line":24,"column":8}},{"start":{"line":24,"column":8},"end":{"line":24,"column":8}}]},"2":{"line":45,"type":"if","locations":[{"start":{"line":45,"column":8},"end":{"line":45,"column":8}},{"start":{"line":45,"column":8},"end":{"line":45,"column":8}}]},"3":{"line":93,"type":"if","locations":[{"start":{"line":93,"column":8},"end":{"line":93,"column":8}},{"start":{"line":93,"column":8},"end":{"line":93,"column":8}}]}}},"contracts/library.sol":{"l":{"20":12,"21":12,"29":12,"36":12,"37":12,"38":12},"path":"/home/wajahat/Hardhat-FCC/hardhat-fundMe-FCC/contracts/library.sol","s":{"1":12,"2":12,"3":12,"4":12,"5":12,"6":12},"b":{},"f":{"1":12,"2":12},"fnMap":{"1":{"name":"getPrice","line":15,"loc":{"start":{"line":15,"column":4},"end":{"line":30,"column":4}}},"2":{"name":"getConversionRate","line":32,"loc":{"start":{"line":32,"column":4},"end":{"line":39,"column":4}}}},"statementMap":{"1":{"start":{"line":20,"column":8},"end":{"line":20,"column":45}},"2":{"start":{"line":21,"column":8},"end":{"line":21,"column":700}},"3":{"start":{"line":29,"column":8},"end":{"line":29,"column":36}},"4":{"start":{"line":36,"column":8},"end":{"line":36,"column":46}},"5":{"start":{"line":37,"column":8},"end":{"line":37,"column":62}},"6":{"start":{"line":38,"column":8},"end":{"line":38,"column":29}}},"branchMap":{}},"contracts/MockV3Aggregator.sol":{"l":{},"path":"/home/wajahat/Hardhat-FCC/hardhat-fundMe-FCC/contracts/MockV3Aggregator.sol","s":{},"b":{},"f":{},"fnMap":{},"statementMap":{},"branchMap":{}}}