TN:
SF:/home/wajahat/Hardhat-FCC/hardhat-fundMe-FCC/contracts/FundMe.sol
FN:23,onlyOwner
FN:30,constructor
FN:41,fund
FN:70,withDraw
FNF:4
FNH:4
FNDA:3,onlyOwner
FNDA:3,constructor
FNDA:12,fund
FNDA:2,withDraw
DA:24,3
DA:25,1
DA:27,2
DA:33,3
DA:34,3
DA:42,12
DA:45,12
DA:49,11
DA:50,11
DA:73,2
DA:74,8
DA:76,2
DA:90,2
DA:93,2
LF:14
LH:14
BRDA:24,1,0,1
BRDA:24,1,1,2
BRDA:45,2,0,11
BRDA:45,2,1,1
BRDA:93,3,0,2
BRDA:93,3,1,0
BRF:6
BRH:5
end_of_record
TN:
SF:/home/wajahat/Hardhat-FCC/hardhat-fundMe-FCC/contracts/library.sol
FN:15,getPrice
FN:32,getConversionRate
FNF:2
FNH:2
FNDA:12,getPrice
FNDA:12,getConversionRate
DA:20,12
DA:21,12
DA:29,12
DA:36,12
DA:37,12
DA:38,12
LF:6
LH:6
BRF:0
BRH:0
end_of_record
TN:
SF:/home/wajahat/Hardhat-FCC/hardhat-fundMe-FCC/contracts/MockV3Aggregator.sol
FNF:0
FNH:0
LF:0
LH:0
BRF:0
BRH:0
end_of_record
